<?xml version="1.0" encoding="UTF-8"?>
<!-- Generated by org.testng.reporters.JUnitXMLReporter -->
<testsuite ignored="0" hostname="DESKTOP-7C63LC4" failures="0" tests="4" name="Default test" time="13.318" errors="0" timestamp="2022-07-26T21:28:36 EDT">
  <testcase classname="acti.test.LoginpageTest" name="testLoginpageTitle" time="0.017"/>
  <testcase classname="acti.test.LoginpageTest" name="testForgotPasswordLink" time="0.222"/>
  <testcase classname="acti.test.LoginpageTest" name="testActiLogoIsDisplayed" time="0.041"/>
  <testcase classname="acti.test.LoginpageTest" name="testLoginFunction" time="3.189"/>
</testsuite> <!-- Default test -->
