<?xml version="1.0" encoding="UTF-8"?>
<testng-results ignored="0" total="4" passed="4" failed="0" skipped="0">
  <reporter-output>
  </reporter-output>
  <suite started-at="2022-07-26T21:28:23 EDT" name="Default suite" finished-at="2022-07-26T21:28:36 EDT" duration-ms="13318">
    <groups>
    </groups>
    <test started-at="2022-07-26T21:28:23 EDT" name="Default test" finished-at="2022-07-26T21:28:36 EDT" duration-ms="13318">
      <class name="acti.test.LoginpageTest">
        <test-method is-config="true" signature="setup()[pri:0, instance:acti.test.LoginpageTest@1de76cc7]" started-at="2022-07-26T21:28:23 EDT" name="setup" finished-at="2022-07-26T21:28:32 EDT" duration-ms="9615" status="PASS">
          <reporter-output>
          </reporter-output>
        </test-method> <!-- setup -->
        <test-method signature="testLoginpageTitle()[pri:1, instance:acti.test.LoginpageTest@1de76cc7]" started-at="2022-07-26T21:28:32 EDT" name="testLoginpageTitle" finished-at="2022-07-26T21:28:32 EDT" duration-ms="17" status="PASS">
          <reporter-output>
          </reporter-output>
        </test-method> <!-- testLoginpageTitle -->
        <test-method signature="testForgotPasswordLink()[pri:2, instance:acti.test.LoginpageTest@1de76cc7]" started-at="2022-07-26T21:28:32 EDT" name="testForgotPasswordLink" finished-at="2022-07-26T21:28:33 EDT" duration-ms="222" status="PASS">
          <reporter-output>
          </reporter-output>
        </test-method> <!-- testForgotPasswordLink -->
        <test-method signature="testActiLogoIsDisplayed()[pri:3, instance:acti.test.LoginpageTest@1de76cc7]" started-at="2022-07-26T21:28:33 EDT" name="testActiLogoIsDisplayed" finished-at="2022-07-26T21:28:33 EDT" duration-ms="41" status="PASS">
          <reporter-output>
          </reporter-output>
        </test-method> <!-- testActiLogoIsDisplayed -->
        <test-method signature="testLoginFunction()[pri:4, instance:acti.test.LoginpageTest@1de76cc7]" started-at="2022-07-26T21:28:33 EDT" name="testLoginFunction" finished-at="2022-07-26T21:28:36 EDT" duration-ms="3189" status="PASS">
          <reporter-output>
          </reporter-output>
        </test-method> <!-- testLoginFunction -->
        <test-method is-config="true" signature="tearDown()[pri:0, instance:acti.test.LoginpageTest@1de76cc7]" started-at="2022-07-26T21:28:36 EDT" name="tearDown" finished-at="2022-07-26T21:28:36 EDT" duration-ms="159" status="PASS">
          <reporter-output>
          </reporter-output>
        </test-method> <!-- tearDown -->
      </class> <!-- acti.test.LoginpageTest -->
    </test> <!-- Default test -->
  </suite> <!-- Default suite -->
</testng-results>
